<?xml version="1.0" encoding="UTF-8"?>
<item><pubDate>Wed, 01 Feb 2012 06:41:19 +0100</pubDate><title><![CDATA[Test Page]]></title><url><![CDATA[test-page]]></url><meta><![CDATA[]]></meta><metad><![CDATA[]]></metad><menu><![CDATA[Test]]></menu><menuOrder><![CDATA[2]]></menuOrder><menuStatus><![CDATA[Y]]></menuStatus><template><![CDATA[template.php]]></template><parent><![CDATA[]]></parent><content><![CDATA[&lt;p&gt;This is a test page&lt;/p&gt;]]></content><private><![CDATA[]]></private><author><![CDATA[admin]]></author></item>
